2024-06-17 00:06:21,824 [Worker-2: Loading available Gradle versions] INFO  o.e.b.c.i.u.g.PublishedGradleVersions - Gradle version information cache is up-to-date. Trying to read.
2024-06-23 13:22:54,661 [Worker-3: Loading available Gradle versions] INFO  o.e.b.c.i.u.g.PublishedGradleVersions - Gradle version information cache is up-to-date. Trying to read.
2024-07-07 13:27:06,889 [Worker-5: Loading available Gradle versions] INFO  o.e.b.c.i.u.g.PublishedGradleVersions - Gradle version information cache is out-of-date. Trying to update.
2024-07-09 23:03:42,758 [Worker-1: Loading available Gradle versions] INFO  o.e.b.c.i.u.g.PublishedGradleVersions - Gradle version information cache is up-to-date. Trying to read.
2024-07-11 00:31:02,407 [ModalContext] INFO  o.e.m.c.i.e.AbstractTransferListenerAdapter - Downloading https://repo.maven.apache.org/maven2/org/apache/maven/archetypes/maven-archetype-quickstart/1.4/maven-archetype-quickstart-1.4.pom
2024-07-11 00:31:02,487 [ModalContext] INFO  o.e.m.c.i.e.AbstractTransferListenerAdapter - Downloaded https://repo.maven.apache.org/maven2/org/apache/maven/archetypes/maven-archetype-quickstart/1.4/maven-archetype-quickstart-1.4.pom
2024-07-11 00:31:02,670 [ModalContext] INFO  o.e.m.c.i.e.AbstractTransferListenerAdapter - Downloading https://repo.maven.apache.org/maven2/org/apache/maven/archetypes/maven-archetype-bundles/1.4/maven-archetype-bundles-1.4.pom
2024-07-11 00:31:02,683 [ModalContext] INFO  o.e.m.c.i.e.AbstractTransferListenerAdapter - Downloaded https://repo.maven.apache.org/maven2/org/apache/maven/archetypes/maven-archetype-bundles/1.4/maven-archetype-bundles-1.4.pom
2024-07-11 00:31:02,874 [ModalContext] INFO  o.e.m.c.i.e.AbstractTransferListenerAdapter - Downloading https://repo.maven.apache.org/maven2/org/apache/maven/archetypes/maven-archetype-quickstart/1.4/maven-archetype-quickstart-1.4.jar
2024-07-11 00:31:02,902 [ModalContext] INFO  o.e.m.c.i.e.AbstractTransferListenerAdapter - Downloaded https://repo.maven.apache.org/maven2/org/apache/maven/archetypes/maven-archetype-quickstart/1.4/maven-archetype-quickstart-1.4.jar
2024-07-11 00:33:29,561 [Worker-79: Launching mavenrun-3501bbe0-bc7b-479a-b2f4-1b3246723498] INFO  o.eclipse.m2e.core.internal.Bundles - getClasspathEntries(Bundle=org.eclipse.m2e.maven.runtime_3.9.600.20231203-1234 [299])
2024-07-11 00:33:29,568 [Worker-79: Launching mavenrun-3501bbe0-bc7b-479a-b2f4-1b3246723498] INFO  o.eclipse.m2e.core.internal.Bundles - 	Entry: C:\Users\dell\.p2\pool\plugins\org.eclipse.m2e.maven.runtime_3.9.600.20231203-1234
2024-07-11 00:33:29,570 [Worker-79: Launching mavenrun-3501bbe0-bc7b-479a-b2f4-1b3246723498] INFO  o.eclipse.m2e.core.internal.Bundles - 	Entry: C:\Users\dell\.p2\pool\plugins\org.eclipse.m2e.maven.runtime_3.9.600.20231203-1234\jars\aopalliance-1.0.jar
2024-07-11 00:33:29,571 [Worker-79: Launching mavenrun-3501bbe0-bc7b-479a-b2f4-1b3246723498] INFO  o.eclipse.m2e.core.internal.Bundles - 	Entry: C:\Users\dell\.p2\pool\plugins\org.eclipse.m2e.maven.runtime_3.9.600.20231203-1234\jars\guice-5.1.0.jar
2024-07-11 00:33:29,572 [Worker-79: Launching mavenrun-3501bbe0-bc7b-479a-b2f4-1b3246723498] INFO  o.eclipse.m2e.core.internal.Bundles - 	Entry: C:\Users\dell\.p2\pool\plugins\org.eclipse.m2e.maven.runtime_3.9.600.20231203-1234\jars\httpclient-4.5.14.jar
2024-07-11 00:33:29,573 [Worker-79: Launching mavenrun-3501bbe0-bc7b-479a-b2f4-1b3246723498] INFO  o.eclipse.m2e.core.internal.Bundles - 	Entry: C:\Users\dell\.p2\pool\plugins\org.eclipse.m2e.maven.runtime_3.9.600.20231203-1234\jars\httpcore-4.4.16.jar
2024-07-11 00:33:29,575 [Worker-79: Launching mavenrun-3501bbe0-bc7b-479a-b2f4-1b3246723498] INFO  o.eclipse.m2e.core.internal.Bundles - 	Entry: C:\Users\dell\.p2\pool\plugins\org.eclipse.m2e.maven.runtime_3.9.600.20231203-1234\jars\jansi-2.4.0.jar
2024-07-11 00:33:29,575 [Worker-79: Launching mavenrun-3501bbe0-bc7b-479a-b2f4-1b3246723498] INFO  o.eclipse.m2e.core.internal.Bundles - 	Entry: C:\Users\dell\.p2\pool\plugins\org.eclipse.m2e.maven.runtime_3.9.600.20231203-1234\jars\jcl-over-slf4j-1.7.36.jar
2024-07-11 00:33:29,577 [Worker-79: Launching mavenrun-3501bbe0-bc7b-479a-b2f4-1b3246723498] INFO  o.eclipse.m2e.core.internal.Bundles - 	Entry: C:\Users\dell\.p2\pool\plugins\org.eclipse.m2e.maven.runtime_3.9.600.20231203-1234\jars\maven-artifact-3.9.6.jar
2024-07-11 00:33:29,578 [Worker-79: Launching mavenrun-3501bbe0-bc7b-479a-b2f4-1b3246723498] INFO  o.eclipse.m2e.core.internal.Bundles - 	Entry: C:\Users\dell\.p2\pool\plugins\org.eclipse.m2e.maven.runtime_3.9.600.20231203-1234\jars\maven-builder-support-3.9.6.jar
2024-07-11 00:33:29,579 [Worker-79: Launching mavenrun-3501bbe0-bc7b-479a-b2f4-1b3246723498] INFO  o.eclipse.m2e.core.internal.Bundles - 	Entry: C:\Users\dell\.p2\pool\plugins\org.eclipse.m2e.maven.runtime_3.9.600.20231203-1234\jars\maven-compat-3.9.6.jar
2024-07-11 00:33:29,580 [Worker-79: Launching mavenrun-3501bbe0-bc7b-479a-b2f4-1b3246723498] INFO  o.eclipse.m2e.core.internal.Bundles - 	Entry: C:\Users\dell\.p2\pool\plugins\org.eclipse.m2e.maven.runtime_3.9.600.20231203-1234\jars\maven-core-3.9.6.jar
2024-07-11 00:33:29,581 [Worker-79: Launching mavenrun-3501bbe0-bc7b-479a-b2f4-1b3246723498] INFO  o.eclipse.m2e.core.internal.Bundles - 	Entry: C:\Users\dell\.p2\pool\plugins\org.eclipse.m2e.maven.runtime_3.9.600.20231203-1234\jars\maven-embedder-3.9.6.jar
2024-07-11 00:33:29,582 [Worker-79: Launching mavenrun-3501bbe0-bc7b-479a-b2f4-1b3246723498] INFO  o.eclipse.m2e.core.internal.Bundles - 	Entry: C:\Users\dell\.p2\pool\plugins\org.eclipse.m2e.maven.runtime_3.9.600.20231203-1234\jars\maven-model-3.9.6.jar
2024-07-11 00:33:29,584 [Worker-79: Launching mavenrun-3501bbe0-bc7b-479a-b2f4-1b3246723498] INFO  o.eclipse.m2e.core.internal.Bundles - 	Entry: C:\Users\dell\.p2\pool\plugins\org.eclipse.m2e.maven.runtime_3.9.600.20231203-1234\jars\maven-model-builder-3.9.6.jar
2024-07-11 00:33:29,584 [Worker-79: Launching mavenrun-3501bbe0-bc7b-479a-b2f4-1b3246723498] INFO  o.eclipse.m2e.core.internal.Bundles - 	Entry: C:\Users\dell\.p2\pool\plugins\org.eclipse.m2e.maven.runtime_3.9.600.20231203-1234\jars\maven-plugin-api-3.9.6.jar
2024-07-11 00:33:29,585 [Worker-79: Launching mavenrun-3501bbe0-bc7b-479a-b2f4-1b3246723498] INFO  o.eclipse.m2e.core.internal.Bundles - 	Entry: C:\Users\dell\.p2\pool\plugins\org.eclipse.m2e.maven.runtime_3.9.600.20231203-1234\jars\maven-repository-metadata-3.9.6.jar
2024-07-11 00:33:29,586 [Worker-79: Launching mavenrun-3501bbe0-bc7b-479a-b2f4-1b3246723498] INFO  o.eclipse.m2e.core.internal.Bundles - 	Entry: C:\Users\dell\.p2\pool\plugins\org.eclipse.m2e.maven.runtime_3.9.600.20231203-1234\jars\maven-resolver-api-1.9.18.jar
2024-07-11 00:33:29,586 [Worker-79: Launching mavenrun-3501bbe0-bc7b-479a-b2f4-1b3246723498] INFO  o.eclipse.m2e.core.internal.Bundles - 	Entry: C:\Users\dell\.p2\pool\plugins\org.eclipse.m2e.maven.runtime_3.9.600.20231203-1234\jars\maven-resolver-connector-basic-1.9.18.jar
2024-07-11 00:33:29,587 [Worker-79: Launching mavenrun-3501bbe0-bc7b-479a-b2f4-1b3246723498] INFO  o.eclipse.m2e.core.internal.Bundles - 	Entry: C:\Users\dell\.p2\pool\plugins\org.eclipse.m2e.maven.runtime_3.9.600.20231203-1234\jars\maven-resolver-impl-1.9.18.jar
2024-07-11 00:33:29,587 [Worker-79: Launching mavenrun-3501bbe0-bc7b-479a-b2f4-1b3246723498] INFO  o.eclipse.m2e.core.internal.Bundles - 	Entry: C:\Users\dell\.p2\pool\plugins\org.eclipse.m2e.maven.runtime_3.9.600.20231203-1234\jars\maven-resolver-named-locks-1.9.18.jar
2024-07-11 00:33:29,588 [Worker-79: Launching mavenrun-3501bbe0-bc7b-479a-b2f4-1b3246723498] INFO  o.eclipse.m2e.core.internal.Bundles - 	Entry: C:\Users\dell\.p2\pool\plugins\org.eclipse.m2e.maven.runtime_3.9.600.20231203-1234\jars\maven-resolver-provider-3.9.6.jar
2024-07-11 00:33:29,588 [Worker-79: Launching mavenrun-3501bbe0-bc7b-479a-b2f4-1b3246723498] INFO  o.eclipse.m2e.core.internal.Bundles - 	Entry: C:\Users\dell\.p2\pool\plugins\org.eclipse.m2e.maven.runtime_3.9.600.20231203-1234\jars\maven-resolver-spi-1.9.18.jar
2024-07-11 00:33:29,589 [Worker-79: Launching mavenrun-3501bbe0-bc7b-479a-b2f4-1b3246723498] INFO  o.eclipse.m2e.core.internal.Bundles - 	Entry: C:\Users\dell\.p2\pool\plugins\org.eclipse.m2e.maven.runtime_3.9.600.20231203-1234\jars\maven-resolver-transport-file-1.9.18.jar
2024-07-11 00:33:29,590 [Worker-79: Launching mavenrun-3501bbe0-bc7b-479a-b2f4-1b3246723498] INFO  o.eclipse.m2e.core.internal.Bundles - 	Entry: C:\Users\dell\.p2\pool\plugins\org.eclipse.m2e.maven.runtime_3.9.600.20231203-1234\jars\maven-resolver-transport-http-1.9.18.jar
2024-07-11 00:33:29,590 [Worker-79: Launching mavenrun-3501bbe0-bc7b-479a-b2f4-1b3246723498] INFO  o.eclipse.m2e.core.internal.Bundles - 	Entry: C:\Users\dell\.p2\pool\plugins\org.eclipse.m2e.maven.runtime_3.9.600.20231203-1234\jars\maven-resolver-transport-wagon-1.9.18.jar
2024-07-11 00:33:29,591 [Worker-79: Launching mavenrun-3501bbe0-bc7b-479a-b2f4-1b3246723498] INFO  o.eclipse.m2e.core.internal.Bundles - 	Entry: C:\Users\dell\.p2\pool\plugins\org.eclipse.m2e.maven.runtime_3.9.600.20231203-1234\jars\maven-resolver-util-1.9.18.jar
2024-07-11 00:33:29,591 [Worker-79: Launching mavenrun-3501bbe0-bc7b-479a-b2f4-1b3246723498] INFO  o.eclipse.m2e.core.internal.Bundles - 	Entry: C:\Users\dell\.p2\pool\plugins\org.eclipse.m2e.maven.runtime_3.9.600.20231203-1234\jars\maven-settings-3.9.6.jar
2024-07-11 00:33:29,592 [Worker-79: Launching mavenrun-3501bbe0-bc7b-479a-b2f4-1b3246723498] INFO  o.eclipse.m2e.core.internal.Bundles - 	Entry: C:\Users\dell\.p2\pool\plugins\org.eclipse.m2e.maven.runtime_3.9.600.20231203-1234\jars\maven-settings-builder-3.9.6.jar
2024-07-11 00:33:29,592 [Worker-79: Launching mavenrun-3501bbe0-bc7b-479a-b2f4-1b3246723498] INFO  o.eclipse.m2e.core.internal.Bundles - 	Entry: C:\Users\dell\.p2\pool\plugins\org.eclipse.m2e.maven.runtime_3.9.600.20231203-1234\jars\maven-shared-utils-3.3.4.jar
2024-07-11 00:33:29,593 [Worker-79: Launching mavenrun-3501bbe0-bc7b-479a-b2f4-1b3246723498] INFO  o.eclipse.m2e.core.internal.Bundles - 	Entry: C:\Users\dell\.p2\pool\plugins\org.eclipse.m2e.maven.runtime_3.9.600.20231203-1234\jars\org.eclipse.sisu.inject-0.9.0.M2.jar
2024-07-11 00:33:29,594 [Worker-79: Launching mavenrun-3501bbe0-bc7b-479a-b2f4-1b3246723498] INFO  o.eclipse.m2e.core.internal.Bundles - 	Entry: C:\Users\dell\.p2\pool\plugins\org.eclipse.m2e.maven.runtime_3.9.600.20231203-1234\jars\org.eclipse.sisu.plexus-0.9.0.M2.jar
2024-07-11 00:33:29,594 [Worker-79: Launching mavenrun-3501bbe0-bc7b-479a-b2f4-1b3246723498] INFO  o.eclipse.m2e.core.internal.Bundles - 	Entry: C:\Users\dell\.p2\pool\plugins\org.eclipse.m2e.maven.runtime_3.9.600.20231203-1234\jars\plexus-build-api-0.0.7.jar
2024-07-11 00:33:29,595 [Worker-79: Launching mavenrun-3501bbe0-bc7b-479a-b2f4-1b3246723498] INFO  o.eclipse.m2e.core.internal.Bundles - 	Entry: C:\Users\dell\.p2\pool\plugins\org.eclipse.m2e.maven.runtime_3.9.600.20231203-1234\jars\plexus-cipher-2.0.jar
2024-07-11 00:33:29,595 [Worker-79: Launching mavenrun-3501bbe0-bc7b-479a-b2f4-1b3246723498] INFO  o.eclipse.m2e.core.internal.Bundles - 	Entry: C:\Users\dell\.p2\pool\plugins\org.eclipse.m2e.maven.runtime_3.9.600.20231203-1234\jars\plexus-classworlds-2.7.0.jar
2024-07-11 00:33:29,596 [Worker-79: Launching mavenrun-3501bbe0-bc7b-479a-b2f4-1b3246723498] INFO  o.eclipse.m2e.core.internal.Bundles - 	Entry: C:\Users\dell\.p2\pool\plugins\org.eclipse.m2e.maven.runtime_3.9.600.20231203-1234\jars\plexus-component-annotations-2.1.0.jar
2024-07-11 00:33:29,597 [Worker-79: Launching mavenrun-3501bbe0-bc7b-479a-b2f4-1b3246723498] INFO  o.eclipse.m2e.core.internal.Bundles - 	Entry: C:\Users\dell\.p2\pool\plugins\org.eclipse.m2e.maven.runtime_3.9.600.20231203-1234\jars\plexus-interpolation-1.26.jar
2024-07-11 00:33:29,597 [Worker-79: Launching mavenrun-3501bbe0-bc7b-479a-b2f4-1b3246723498] INFO  o.eclipse.m2e.core.internal.Bundles - 	Entry: C:\Users\dell\.p2\pool\plugins\org.eclipse.m2e.maven.runtime_3.9.600.20231203-1234\jars\plexus-sec-dispatcher-2.0.jar
2024-07-11 00:33:29,598 [Worker-79: Launching mavenrun-3501bbe0-bc7b-479a-b2f4-1b3246723498] INFO  o.eclipse.m2e.core.internal.Bundles - 	Entry: C:\Users\dell\.p2\pool\plugins\org.eclipse.m2e.maven.runtime_3.9.600.20231203-1234\jars\plexus-utils-3.5.1.jar
2024-07-11 00:33:29,598 [Worker-79: Launching mavenrun-3501bbe0-bc7b-479a-b2f4-1b3246723498] INFO  o.eclipse.m2e.core.internal.Bundles - 	Entry: C:\Users\dell\.p2\pool\plugins\org.eclipse.m2e.maven.runtime_3.9.600.20231203-1234\jars\wagon-file-3.5.3.jar
2024-07-11 00:33:29,599 [Worker-79: Launching mavenrun-3501bbe0-bc7b-479a-b2f4-1b3246723498] INFO  o.eclipse.m2e.core.internal.Bundles - 	Entry: C:\Users\dell\.p2\pool\plugins\org.eclipse.m2e.maven.runtime_3.9.600.20231203-1234\jars\wagon-http-3.5.3.jar
2024-07-11 00:33:29,599 [Worker-79: Launching mavenrun-3501bbe0-bc7b-479a-b2f4-1b3246723498] INFO  o.eclipse.m2e.core.internal.Bundles - 	Entry: C:\Users\dell\.p2\pool\plugins\org.eclipse.m2e.maven.runtime_3.9.600.20231203-1234\jars\wagon-http-shared-3.5.3.jar
2024-07-11 00:33:29,600 [Worker-79: Launching mavenrun-3501bbe0-bc7b-479a-b2f4-1b3246723498] INFO  o.eclipse.m2e.core.internal.Bundles - 	Entry: C:\Users\dell\.p2\pool\plugins\org.eclipse.m2e.maven.runtime_3.9.600.20231203-1234\jars\wagon-provider-api-3.5.3.jar
2024-07-11 00:33:29,604 [Worker-79: Launching mavenrun-3501bbe0-bc7b-479a-b2f4-1b3246723498] INFO  o.eclipse.m2e.core.internal.Bundles - getClasspathEntries(Bundle=com.google.guava_33.0.0.jre [10])
2024-07-11 00:33:29,606 [Worker-79: Launching mavenrun-3501bbe0-bc7b-479a-b2f4-1b3246723498] INFO  o.eclipse.m2e.core.internal.Bundles - 	Entry: C:\Users\dell\.p2\pool\plugins\com.google.guava_33.0.0.jre.jar
2024-07-11 00:33:29,606 [Worker-79: Launching mavenrun-3501bbe0-bc7b-479a-b2f4-1b3246723498] INFO  o.eclipse.m2e.core.internal.Bundles - getClasspathEntries(Bundle=slf4j.api_2.0.13 [520])
2024-07-11 00:33:29,607 [Worker-79: Launching mavenrun-3501bbe0-bc7b-479a-b2f4-1b3246723498] INFO  o.eclipse.m2e.core.internal.Bundles - 	Entry: C:\Users\dell\.p2\pool\plugins\slf4j.api_2.0.13.jar
2024-07-11 00:33:29,608 [Worker-79: Launching mavenrun-3501bbe0-bc7b-479a-b2f4-1b3246723498] INFO  o.eclipse.m2e.core.internal.Bundles - getClasspathEntries(Bundle=jakarta.inject.jakarta.inject-api_1.0.5 [22])
2024-07-11 00:33:29,609 [Worker-79: Launching mavenrun-3501bbe0-bc7b-479a-b2f4-1b3246723498] INFO  o.eclipse.m2e.core.internal.Bundles - 	Entry: C:\Users\dell\.p2\pool\plugins\jakarta.inject.jakarta.inject-api_1.0.5.jar
2024-07-11 00:33:29,609 [Worker-79: Launching mavenrun-3501bbe0-bc7b-479a-b2f4-1b3246723498] INFO  o.eclipse.m2e.core.internal.Bundles - getClasspathEntries(Bundle=jakarta.annotation-api_1.3.5 [20])
2024-07-11 00:33:29,610 [Worker-79: Launching mavenrun-3501bbe0-bc7b-479a-b2f4-1b3246723498] INFO  o.eclipse.m2e.core.internal.Bundles - 	Entry: C:\Users\dell\.p2\pool\plugins\jakarta.annotation-api_1.3.5.jar
2024-07-11 00:33:29,610 [Worker-79: Launching mavenrun-3501bbe0-bc7b-479a-b2f4-1b3246723498] INFO  o.eclipse.m2e.core.internal.Bundles - getClasspathEntries(Bundle=org.apache.commons.cli_1.6.0 [46])
2024-07-11 00:33:29,612 [Worker-79: Launching mavenrun-3501bbe0-bc7b-479a-b2f4-1b3246723498] INFO  o.eclipse.m2e.core.internal.Bundles - 	Entry: C:\Users\dell\.p2\pool\plugins\org.apache.commons.cli_1.6.0.jar
2024-07-11 00:33:29,612 [Worker-79: Launching mavenrun-3501bbe0-bc7b-479a-b2f4-1b3246723498] INFO  o.eclipse.m2e.core.internal.Bundles - getClasspathEntries(Bundle=org.apache.commons.commons-codec_1.16.0 [47])
2024-07-11 00:33:29,614 [Worker-79: Launching mavenrun-3501bbe0-bc7b-479a-b2f4-1b3246723498] INFO  o.eclipse.m2e.core.internal.Bundles - 	Entry: C:\Users\dell\.p2\pool\plugins\org.apache.commons.commons-codec_1.16.0.jar
2024-07-11 00:33:29,614 [Worker-79: Launching mavenrun-3501bbe0-bc7b-479a-b2f4-1b3246723498] INFO  o.eclipse.m2e.core.internal.Bundles - getClasspathEntries(Bundle=org.apache.commons.lang3_3.14.0 [53])
2024-07-11 00:33:29,615 [Worker-79: Launching mavenrun-3501bbe0-bc7b-479a-b2f4-1b3246723498] INFO  o.eclipse.m2e.core.internal.Bundles - 	Entry: C:\Users\dell\.p2\pool\plugins\org.apache.commons.lang3_3.14.0.jar
2024-07-11 00:33:29,615 [Worker-79: Launching mavenrun-3501bbe0-bc7b-479a-b2f4-1b3246723498] INFO  o.eclipse.m2e.core.internal.Bundles - getClasspathEntries(Bundle=com.google.guava.failureaccess_1.0.2 [11])
2024-07-11 00:33:29,618 [Worker-79: Launching mavenrun-3501bbe0-bc7b-479a-b2f4-1b3246723498] INFO  o.eclipse.m2e.core.internal.Bundles - 	Entry: C:\Users\dell\.p2\pool\plugins\com.google.guava.failureaccess_1.0.2.jar
2024-07-11 00:33:29,627 [Worker-79: Launching mavenrun-3501bbe0-bc7b-479a-b2f4-1b3246723498] INFO  o.e.m.i.launch.MavenLaunchDelegate - Run build in "C:\Users\dell\AppData\Local\Temp\m2e-archetypeGenerator10513929438050513868":
2024-07-11 00:33:29,640 [Worker-79: Launching mavenrun-3501bbe0-bc7b-479a-b2f4-1b3246723498] INFO  o.e.m.i.launch.MavenLaunchDelegate -  mvn  -DarchetypeGroupId=org.apache.maven.archetypes -DarchetypeArtifactId=maven-archetype-quickstart -DarchetypeVersion=1.4 -DgroupId=com.cyberslex -DartifactId=MVC-Maven -Dversion=0.0.1-SNAPSHOT -Dpackage=com.cyberslex.MVC_Maven -DoutputDirectory=C:\Users\dell\Desktop\Practicas_JAVA_2024 -Dstyle.color=always -U archetype:generate
2024-07-11 00:33:59,003 [Worker-77: Creating maven-archetype-quickstart] INFO  o.e.m.c.i.p.ProjectConfigurationManager - Collecting project info '/pom.xml' C:\Users\dell\Desktop\Practicas_JAVA_2024\MVC-Maven\pom.xml
2024-07-11 00:33:59,880 [Worker-77: Creating maven-archetype-quickstart] INFO  o.e.m.c.i.e.AbstractTransferListenerAdapter - Downloading https://repo.maven.apache.org/maven2/org/apache/maven/plugins/maven-jar-plugin/3.0.2/maven-jar-plugin-3.0.2.jar
2024-07-11 00:33:59,906 [Worker-77: Creating maven-archetype-quickstart] INFO  o.e.m.c.i.e.AbstractTransferListenerAdapter - Downloaded https://repo.maven.apache.org/maven2/org/apache/maven/plugins/maven-jar-plugin/3.0.2/maven-jar-plugin-3.0.2.jar
2024-07-11 00:34:00,013 [Worker-77: Creating maven-archetype-quickstart] INFO  o.e.m.c.i.e.AbstractTransferListenerAdapter - Downloading https://repo.maven.apache.org/maven2/org/apache/maven/plugins/maven-site-plugin/3.7.1/maven-site-plugin-3.7.1.jar
2024-07-11 00:34:00,131 [Worker-77: Creating maven-archetype-quickstart] INFO  o.e.m.c.i.e.AbstractTransferListenerAdapter - Downloaded https://repo.maven.apache.org/maven2/org/apache/maven/plugins/maven-site-plugin/3.7.1/maven-site-plugin-3.7.1.jar
2024-07-11 00:34:02,666 [Worker-77: Creating maven-archetype-quickstart] INFO  o.e.m.c.i.l.LifecycleMappingFactory - Using org.eclipse.m2e.jdt.JarLifecycleMapping lifecycle mapping for MavenProject: com.cyberslex:MVC-Maven:0.0.1-SNAPSHOT @ C:\Users\dell\Desktop\Practicas_JAVA_2024\MVC-Maven\pom.xml.
2024-07-11 00:34:02,899 [Worker-77: Creating maven-archetype-quickstart] INFO  o.e.m.c.i.e.AbstractTransferListenerAdapter - Downloading https://repo.maven.apache.org/maven2/org/apache/maven/plugins/maven-jar-plugin/3.0.2/maven-jar-plugin-3.0.2.pom
2024-07-11 00:34:02,916 [Worker-77: Creating maven-archetype-quickstart] INFO  o.e.m.c.i.e.AbstractTransferListenerAdapter - Downloaded https://repo.maven.apache.org/maven2/org/apache/maven/plugins/maven-jar-plugin/3.0.2/maven-jar-plugin-3.0.2.pom
2024-07-11 00:34:03,108 [Worker-77: Creating maven-archetype-quickstart] INFO  o.e.m.c.i.e.AbstractTransferListenerAdapter - Downloading https://repo.maven.apache.org/maven2/org/apache/maven/maven-archiver/3.1.1/maven-archiver-3.1.1.pom
2024-07-11 00:34:03,120 [Worker-77: Creating maven-archetype-quickstart] INFO  o.e.m.c.i.e.AbstractTransferListenerAdapter - Downloaded https://repo.maven.apache.org/maven2/org/apache/maven/maven-archiver/3.1.1/maven-archiver-3.1.1.pom
2024-07-11 00:34:03,225 [Worker-77: Creating maven-archetype-quickstart] INFO  o.e.m.c.i.e.AbstractTransferListenerAdapter - Downloading https://repo.maven.apache.org/maven2/org/apache/maven/shared/maven-shared-utils/3.0.1/maven-shared-utils-3.0.1.pom
2024-07-11 00:34:03,237 [Worker-77: Creating maven-archetype-quickstart] INFO  o.e.m.c.i.e.AbstractTransferListenerAdapter - Downloaded https://repo.maven.apache.org/maven2/org/apache/maven/shared/maven-shared-utils/3.0.1/maven-shared-utils-3.0.1.pom
2024-07-11 00:34:03,352 [Worker-77: Creating maven-archetype-quickstart] INFO  o.e.m.c.i.e.AbstractTransferListenerAdapter - Downloading https://repo.maven.apache.org/maven2/org/codehaus/plexus/plexus-archiver/3.3/plexus-archiver-3.3.pom
2024-07-11 00:34:03,365 [Worker-77: Creating maven-archetype-quickstart] INFO  o.e.m.c.i.e.AbstractTransferListenerAdapter - Downloaded https://repo.maven.apache.org/maven2/org/codehaus/plexus/plexus-archiver/3.3/plexus-archiver-3.3.pom
2024-07-11 00:34:03,482 [Worker-77: Creating maven-archetype-quickstart] INFO  o.e.m.c.i.e.AbstractTransferListenerAdapter - Downloading https://repo.maven.apache.org/maven2/org/codehaus/plexus/plexus-io/2.7.1/plexus-io-2.7.1.pom
2024-07-11 00:34:03,499 [Worker-77: Creating maven-archetype-quickstart] INFO  o.e.m.c.i.e.AbstractTransferListenerAdapter - Downloaded https://repo.maven.apache.org/maven2/org/codehaus/plexus/plexus-io/2.7.1/plexus-io-2.7.1.pom
2024-07-11 00:34:03,590 [Worker-77: Creating maven-archetype-quickstart] INFO  o.e.m.c.i.e.AbstractTransferListenerAdapter - Downloading https://repo.maven.apache.org/maven2/commons-io/commons-io/2.2/commons-io-2.2.pom
2024-07-11 00:34:03,604 [Worker-77: Creating maven-archetype-quickstart] INFO  o.e.m.c.i.e.AbstractTransferListenerAdapter - Downloaded https://repo.maven.apache.org/maven2/commons-io/commons-io/2.2/commons-io-2.2.pom
2024-07-11 00:34:03,691 [Worker-77: Creating maven-archetype-quickstart] INFO  o.e.m.c.i.e.AbstractTransferListenerAdapter - Downloading https://repo.maven.apache.org/maven2/org/apache/commons/commons-parent/24/commons-parent-24.pom
2024-07-11 00:34:03,715 [Worker-77: Creating maven-archetype-quickstart] INFO  o.e.m.c.i.e.AbstractTransferListenerAdapter - Downloaded https://repo.maven.apache.org/maven2/org/apache/commons/commons-parent/24/commons-parent-24.pom
2024-07-11 00:34:03,809 [Worker-77: Creating maven-archetype-quickstart] INFO  o.e.m.c.i.e.AbstractTransferListenerAdapter - Downloading https://repo.maven.apache.org/maven2/org/apache/commons/commons-compress/1.11/commons-compress-1.11.pom
2024-07-11 00:34:03,822 [Worker-77: Creating maven-archetype-quickstart] INFO  o.e.m.c.i.e.AbstractTransferListenerAdapter - Downloaded https://repo.maven.apache.org/maven2/org/apache/commons/commons-compress/1.11/commons-compress-1.11.pom
2024-07-11 00:34:03,922 [Worker-77: Creating maven-archetype-quickstart] INFO  o.e.m.c.i.e.AbstractTransferListenerAdapter - Downloading https://repo.maven.apache.org/maven2/org/tukaani/xz/1.5/xz-1.5.pom
2024-07-11 00:34:03,934 [Worker-77: Creating maven-archetype-quickstart] INFO  o.e.m.c.i.e.AbstractTransferListenerAdapter - Downloaded https://repo.maven.apache.org/maven2/org/tukaani/xz/1.5/xz-1.5.pom
2024-07-11 00:34:04,042 [Worker-77: Creating maven-archetype-quickstart] INFO  o.e.m.c.i.e.AbstractTransferListenerAdapter - Downloading https://repo.maven.apache.org/maven2/org/codehaus/plexus/plexus-archiver/3.4/plexus-archiver-3.4.pom
2024-07-11 00:34:04,057 [Worker-77: Creating maven-archetype-quickstart] INFO  o.e.m.c.i.e.AbstractTransferListenerAdapter - Downloaded https://repo.maven.apache.org/maven2/org/codehaus/plexus/plexus-archiver/3.4/plexus-archiver-3.4.pom
2024-07-11 00:34:04,328 [Worker-77: Creating maven-archetype-quickstart] INFO  o.e.m.c.i.e.AbstractTransferListenerAdapter - Downloading https://repo.maven.apache.org/maven2/org/apache/maven/maven-archiver/3.1.1/maven-archiver-3.1.1.jar
2024-07-11 00:34:04,356 [Worker-77: Creating maven-archetype-quickstart] INFO  o.e.m.c.i.e.AbstractTransferListenerAdapter - Downloaded https://repo.maven.apache.org/maven2/org/apache/maven/maven-archiver/3.1.1/maven-archiver-3.1.1.jar
2024-07-11 00:34:04,433 [BasicRepositoryConnector-repo.maven.apache.org-0-0] INFO  o.e.m.c.i.e.AbstractTransferListenerAdapter - Downloading https://repo.maven.apache.org/maven2/org/apache/maven/shared/maven-shared-utils/3.0.1/maven-shared-utils-3.0.1.jar
2024-07-11 00:34:04,513 [BasicRepositoryConnector-repo.maven.apache.org-0-0] INFO  o.e.m.c.i.e.AbstractTransferListenerAdapter - Downloaded https://repo.maven.apache.org/maven2/org/apache/maven/shared/maven-shared-utils/3.0.1/maven-shared-utils-3.0.1.jar
2024-07-11 00:34:04,582 [BasicRepositoryConnector-repo.maven.apache.org-0-1] INFO  o.e.m.c.i.e.AbstractTransferListenerAdapter - Downloading https://repo.maven.apache.org/maven2/org/codehaus/plexus/plexus-archiver/3.4/plexus-archiver-3.4.jar
2024-07-11 00:34:04,587 [BasicRepositoryConnector-repo.maven.apache.org-0-2] INFO  o.e.m.c.i.e.AbstractTransferListenerAdapter - Downloading https://repo.maven.apache.org/maven2/org/codehaus/plexus/plexus-io/2.7.1/plexus-io-2.7.1.jar
2024-07-11 00:34:04,610 [BasicRepositoryConnector-repo.maven.apache.org-0-3] INFO  o.e.m.c.i.e.AbstractTransferListenerAdapter - Downloading https://repo.maven.apache.org/maven2/org/apache/commons/commons-compress/1.11/commons-compress-1.11.jar
2024-07-11 00:34:04,612 [BasicRepositoryConnector-repo.maven.apache.org-0-4] INFO  o.e.m.c.i.e.AbstractTransferListenerAdapter - Downloading https://repo.maven.apache.org/maven2/org/tukaani/xz/1.5/xz-1.5.jar
2024-07-11 00:34:04,742 [BasicRepositoryConnector-repo.maven.apache.org-0-2] INFO  o.e.m.c.i.e.AbstractTransferListenerAdapter - Downloaded https://repo.maven.apache.org/maven2/org/codehaus/plexus/plexus-io/2.7.1/plexus-io-2.7.1.jar
2024-07-11 00:34:04,757 [BasicRepositoryConnector-repo.maven.apache.org-0-4] INFO  o.e.m.c.i.e.AbstractTransferListenerAdapter - Downloaded https://repo.maven.apache.org/maven2/org/tukaani/xz/1.5/xz-1.5.jar
2024-07-11 00:34:04,788 [BasicRepositoryConnector-repo.maven.apache.org-0-1] INFO  o.e.m.c.i.e.AbstractTransferListenerAdapter - Downloaded https://repo.maven.apache.org/maven2/org/codehaus/plexus/plexus-archiver/3.4/plexus-archiver-3.4.jar
2024-07-11 00:34:04,974 [BasicRepositoryConnector-repo.maven.apache.org-0-3] INFO  o.e.m.c.i.e.AbstractTransferListenerAdapter - Downloaded https://repo.maven.apache.org/maven2/org/apache/commons/commons-compress/1.11/commons-compress-1.11.jar
2024-07-11 00:34:05,850 [Worker-77: Creating maven-archetype-quickstart] INFO  o.e.m.j.i.AbstractJavaProjectConfigurator - Adding source folder /MVC-Maven/src/main/java
2024-07-11 00:34:05,858 [Worker-77: Creating maven-archetype-quickstart] INFO  o.e.m.j.i.AbstractJavaProjectConfigurator - Adding resource folder /MVC-Maven/src/main/resources
2024-07-11 00:34:05,876 [Worker-77: Creating maven-archetype-quickstart] INFO  o.e.m.j.i.AbstractJavaProjectConfigurator - Adding source folder /MVC-Maven/src/test/java
2024-07-11 00:34:05,881 [Worker-77: Creating maven-archetype-quickstart] INFO  o.e.m.j.i.AbstractJavaProjectConfigurator - Adding resource folder /MVC-Maven/src/test/resources
2024-07-11 00:34:06,154 [Worker-77: Creating maven-archetype-quickstart] INFO  o.e.m.c.i.p.ProjectConfigurationManager - Imported and configured 1 project(s) in 7 sec
2024-07-11 00:34:08,667 [Worker-82: Building] INFO  o.e.m.c.i.embedder.EclipseLogger - Using 'UTF-8' encoding to copy filtered resources.
2024-07-11 00:34:08,668 [Worker-82: Building] INFO  o.e.m.c.i.embedder.EclipseLogger - skip non existing resourceDirectory C:\Users\dell\Desktop\Practicas_JAVA_2024\MVC-Maven\src\main\resources
2024-07-11 00:34:08,680 [Worker-82: Building] INFO  o.e.m.c.i.embedder.EclipseLogger - Using 'UTF-8' encoding to copy filtered resources.
2024-07-11 00:34:08,681 [Worker-82: Building] INFO  o.e.m.c.i.embedder.EclipseLogger - skip non existing resourceDirectory C:\Users\dell\Desktop\Practicas_JAVA_2024\MVC-Maven\src\test\resources
2024-07-11 00:35:10,067 [ModalContext] INFO  o.e.m.c.i.e.AbstractTransferListenerAdapter - Downloading https://repo.maven.apache.org/maven2/org/apache/maven/archetypes/maven-archetype-bundles/4/maven-archetype-bundles-4.pom
2024-07-11 00:35:10,080 [ModalContext] INFO  o.e.m.c.i.e.AbstractTransferListenerAdapter - Downloaded https://repo.maven.apache.org/maven2/org/apache/maven/archetypes/maven-archetype-bundles/4/maven-archetype-bundles-4.pom
2024-07-11 00:35:10,198 [ModalContext] INFO  o.e.m.c.i.e.AbstractTransferListenerAdapter - Downloading https://repo.maven.apache.org/maven2/org/apache/maven/archetype/maven-archetype/2.0-alpha-5/maven-archetype-2.0-alpha-5.pom
2024-07-11 00:35:10,215 [ModalContext] INFO  o.e.m.c.i.e.AbstractTransferListenerAdapter - Downloaded https://repo.maven.apache.org/maven2/org/apache/maven/archetype/maven-archetype/2.0-alpha-5/maven-archetype-2.0-alpha-5.pom
2024-07-11 00:35:10,331 [ModalContext] INFO  o.e.m.c.i.e.AbstractTransferListenerAdapter - Downloading https://repo.maven.apache.org/maven2/org/apache/maven/maven-parent/16/maven-parent-16.pom
2024-07-11 00:35:10,391 [ModalContext] INFO  o.e.m.c.i.e.AbstractTransferListenerAdapter - Downloaded https://repo.maven.apache.org/maven2/org/apache/maven/maven-parent/16/maven-parent-16.pom
2024-07-11 00:37:07,195 [Worker-81: Building] INFO  o.e.m.c.i.embedder.EclipseLogger - Using 'UTF-8' encoding to copy filtered resources.
2024-07-11 00:37:07,214 [Worker-81: Building] INFO  o.e.m.c.i.embedder.EclipseLogger - Copying 0 resource
2024-07-11 00:37:07,220 [Worker-81: Building] INFO  o.e.m.c.i.embedder.EclipseLogger - Using 'UTF-8' encoding to copy filtered resources.
2024-07-11 00:37:07,222 [Worker-81: Building] INFO  o.e.m.c.i.embedder.EclipseLogger - Copying 0 resource
2024-07-11 00:39:00,657 [Worker-77: Building] INFO  o.e.m.c.i.embedder.EclipseLogger - Using 'UTF-8' encoding to copy filtered resources.
2024-07-11 00:39:00,659 [Worker-77: Building] INFO  o.e.m.c.i.embedder.EclipseLogger - Copying 0 resource
2024-07-11 00:39:00,662 [Worker-77: Building] INFO  o.e.m.c.i.embedder.EclipseLogger - Using 'UTF-8' encoding to copy filtered resources.
2024-07-11 00:39:00,663 [Worker-77: Building] INFO  o.e.m.c.i.embedder.EclipseLogger - Copying 0 resource
2024-07-11 00:40:10,969 [Worker-86: Building] INFO  o.e.m.c.i.l.LifecycleMappingFactory - Using org.eclipse.m2e.jdt.JarLifecycleMapping lifecycle mapping for MavenProject: com.cyberslex:MVC-Maven:0.0.1-SNAPSHOT @ C:\Users\dell\Desktop\Practicas_JAVA_2024\MVC-Maven\pom.xml.
2024-07-11 00:40:11,729 [Worker-86: Building] INFO  o.e.m.c.i.embedder.EclipseLogger - Using 'UTF-8' encoding to copy filtered resources.
2024-07-11 00:40:11,738 [Worker-86: Building] INFO  o.e.m.c.i.embedder.EclipseLogger - Copying 0 resource
2024-07-11 00:40:11,747 [Worker-86: Building] INFO  o.e.m.c.i.embedder.EclipseLogger - Using 'UTF-8' encoding to copy filtered resources.
2024-07-11 00:40:11,749 [Worker-86: Building] INFO  o.e.m.c.i.embedder.EclipseLogger - Copying 0 resource
2024-07-11 00:40:59,276 [Worker-83: Updating Maven Project] INFO  o.e.m.c.i.p.ProjectConfigurationManager - Update started
2024-07-11 00:41:00,364 [Worker-83: Updating Maven Project] INFO  o.e.m.c.i.l.LifecycleMappingFactory - Using org.eclipse.m2e.jdt.JarLifecycleMapping lifecycle mapping for MavenProject: com.cyberslex:MVC-Maven:0.0.1-SNAPSHOT @ C:\Users\dell\Desktop\Practicas_JAVA_2024\MVC-Maven\pom.xml.
2024-07-11 00:41:00,920 [Worker-83: Updating Maven Project] INFO  o.e.m.j.i.AbstractJavaProjectConfigurator - Adding source folder /MVC-Maven/src/main/java
2024-07-11 00:41:00,925 [Worker-83: Updating Maven Project] INFO  o.e.m.j.i.AbstractJavaProjectConfigurator - Adding resource folder /MVC-Maven/src/main/resources
2024-07-11 00:41:00,942 [Worker-83: Updating Maven Project] INFO  o.e.m.j.i.AbstractJavaProjectConfigurator - Adding source folder /MVC-Maven/src/test/java
2024-07-11 00:41:00,944 [Worker-83: Updating Maven Project] INFO  o.e.m.j.i.AbstractJavaProjectConfigurator - Adding resource folder /MVC-Maven/src/test/resources
2024-07-11 00:41:01,342 [Worker-83: Updating Maven Project] INFO  o.e.m.c.i.p.ProjectConfigurationManager - Update completed for 1 poms: local refresh takes 0.00 sec, refresh facades takes 1.00 sec, update config takes 0.00 sec 
2024-07-11 00:41:01,692 [Worker-83: Building] INFO  o.e.m.c.i.embedder.EclipseLogger - Using 'UTF-8' encoding to copy filtered resources.
2024-07-11 00:41:01,694 [Worker-83: Building] INFO  o.e.m.c.i.embedder.EclipseLogger - Copying 0 resource
2024-07-11 00:41:01,703 [Worker-83: Building] INFO  o.e.m.c.i.embedder.EclipseLogger - Using 'UTF-8' encoding to copy filtered resources.
2024-07-11 00:41:01,704 [Worker-83: Building] INFO  o.e.m.c.i.embedder.EclipseLogger - Copying 0 resource
2024-07-11 00:42:17,457 [Worker-83: Launching mavenrun-5b973a86-9136-4f41-b027-e14a962b38a3] INFO  o.eclipse.m2e.core.internal.Bundles - getClasspathEntries(Bundle=org.eclipse.m2e.maven.runtime_3.9.600.20231203-1234 [299])
2024-07-11 00:42:17,461 [Worker-83: Launching mavenrun-5b973a86-9136-4f41-b027-e14a962b38a3] INFO  o.eclipse.m2e.core.internal.Bundles - 	Entry: C:\Users\dell\.p2\pool\plugins\org.eclipse.m2e.maven.runtime_3.9.600.20231203-1234
2024-07-11 00:42:17,463 [Worker-83: Launching mavenrun-5b973a86-9136-4f41-b027-e14a962b38a3] INFO  o.eclipse.m2e.core.internal.Bundles - 	Entry: C:\Users\dell\.p2\pool\plugins\org.eclipse.m2e.maven.runtime_3.9.600.20231203-1234\jars\aopalliance-1.0.jar
2024-07-11 00:42:17,464 [Worker-83: Launching mavenrun-5b973a86-9136-4f41-b027-e14a962b38a3] INFO  o.eclipse.m2e.core.internal.Bundles - 	Entry: C:\Users\dell\.p2\pool\plugins\org.eclipse.m2e.maven.runtime_3.9.600.20231203-1234\jars\guice-5.1.0.jar
2024-07-11 00:42:17,465 [Worker-83: Launching mavenrun-5b973a86-9136-4f41-b027-e14a962b38a3] INFO  o.eclipse.m2e.core.internal.Bundles - 	Entry: C:\Users\dell\.p2\pool\plugins\org.eclipse.m2e.maven.runtime_3.9.600.20231203-1234\jars\httpclient-4.5.14.jar
2024-07-11 00:42:17,466 [Worker-83: Launching mavenrun-5b973a86-9136-4f41-b027-e14a962b38a3] INFO  o.eclipse.m2e.core.internal.Bundles - 	Entry: C:\Users\dell\.p2\pool\plugins\org.eclipse.m2e.maven.runtime_3.9.600.20231203-1234\jars\httpcore-4.4.16.jar
2024-07-11 00:42:17,467 [Worker-83: Launching mavenrun-5b973a86-9136-4f41-b027-e14a962b38a3] INFO  o.eclipse.m2e.core.internal.Bundles - 	Entry: C:\Users\dell\.p2\pool\plugins\org.eclipse.m2e.maven.runtime_3.9.600.20231203-1234\jars\jansi-2.4.0.jar
2024-07-11 00:42:17,468 [Worker-83: Launching mavenrun-5b973a86-9136-4f41-b027-e14a962b38a3] INFO  o.eclipse.m2e.core.internal.Bundles - 	Entry: C:\Users\dell\.p2\pool\plugins\org.eclipse.m2e.maven.runtime_3.9.600.20231203-1234\jars\jcl-over-slf4j-1.7.36.jar
2024-07-11 00:42:17,469 [Worker-83: Launching mavenrun-5b973a86-9136-4f41-b027-e14a962b38a3] INFO  o.eclipse.m2e.core.internal.Bundles - 	Entry: C:\Users\dell\.p2\pool\plugins\org.eclipse.m2e.maven.runtime_3.9.600.20231203-1234\jars\maven-artifact-3.9.6.jar
2024-07-11 00:42:17,470 [Worker-83: Launching mavenrun-5b973a86-9136-4f41-b027-e14a962b38a3] INFO  o.eclipse.m2e.core.internal.Bundles - 	Entry: C:\Users\dell\.p2\pool\plugins\org.eclipse.m2e.maven.runtime_3.9.600.20231203-1234\jars\maven-builder-support-3.9.6.jar
2024-07-11 00:42:17,471 [Worker-83: Launching mavenrun-5b973a86-9136-4f41-b027-e14a962b38a3] INFO  o.eclipse.m2e.core.internal.Bundles - 	Entry: C:\Users\dell\.p2\pool\plugins\org.eclipse.m2e.maven.runtime_3.9.600.20231203-1234\jars\maven-compat-3.9.6.jar
2024-07-11 00:42:17,472 [Worker-83: Launching mavenrun-5b973a86-9136-4f41-b027-e14a962b38a3] INFO  o.eclipse.m2e.core.internal.Bundles - 	Entry: C:\Users\dell\.p2\pool\plugins\org.eclipse.m2e.maven.runtime_3.9.600.20231203-1234\jars\maven-core-3.9.6.jar
2024-07-11 00:42:17,474 [Worker-83: Launching mavenrun-5b973a86-9136-4f41-b027-e14a962b38a3] INFO  o.eclipse.m2e.core.internal.Bundles - 	Entry: C:\Users\dell\.p2\pool\plugins\org.eclipse.m2e.maven.runtime_3.9.600.20231203-1234\jars\maven-embedder-3.9.6.jar
2024-07-11 00:42:17,474 [Worker-83: Launching mavenrun-5b973a86-9136-4f41-b027-e14a962b38a3] INFO  o.eclipse.m2e.core.internal.Bundles - 	Entry: C:\Users\dell\.p2\pool\plugins\org.eclipse.m2e.maven.runtime_3.9.600.20231203-1234\jars\maven-model-3.9.6.jar
2024-07-11 00:42:17,475 [Worker-83: Launching mavenrun-5b973a86-9136-4f41-b027-e14a962b38a3] INFO  o.eclipse.m2e.core.internal.Bundles - 	Entry: C:\Users\dell\.p2\pool\plugins\org.eclipse.m2e.maven.runtime_3.9.600.20231203-1234\jars\maven-model-builder-3.9.6.jar
2024-07-11 00:42:17,476 [Worker-83: Launching mavenrun-5b973a86-9136-4f41-b027-e14a962b38a3] INFO  o.eclipse.m2e.core.internal.Bundles - 	Entry: C:\Users\dell\.p2\pool\plugins\org.eclipse.m2e.maven.runtime_3.9.600.20231203-1234\jars\maven-plugin-api-3.9.6.jar
2024-07-11 00:42:17,477 [Worker-83: Launching mavenrun-5b973a86-9136-4f41-b027-e14a962b38a3] INFO  o.eclipse.m2e.core.internal.Bundles - 	Entry: C:\Users\dell\.p2\pool\plugins\org.eclipse.m2e.maven.runtime_3.9.600.20231203-1234\jars\maven-repository-metadata-3.9.6.jar
2024-07-11 00:42:17,478 [Worker-83: Launching mavenrun-5b973a86-9136-4f41-b027-e14a962b38a3] INFO  o.eclipse.m2e.core.internal.Bundles - 	Entry: C:\Users\dell\.p2\pool\plugins\org.eclipse.m2e.maven.runtime_3.9.600.20231203-1234\jars\maven-resolver-api-1.9.18.jar
2024-07-11 00:42:17,479 [Worker-83: Launching mavenrun-5b973a86-9136-4f41-b027-e14a962b38a3] INFO  o.eclipse.m2e.core.internal.Bundles - 	Entry: C:\Users\dell\.p2\pool\plugins\org.eclipse.m2e.maven.runtime_3.9.600.20231203-1234\jars\maven-resolver-connector-basic-1.9.18.jar
2024-07-11 00:42:17,480 [Worker-83: Launching mavenrun-5b973a86-9136-4f41-b027-e14a962b38a3] INFO  o.eclipse.m2e.core.internal.Bundles - 	Entry: C:\Users\dell\.p2\pool\plugins\org.eclipse.m2e.maven.runtime_3.9.600.20231203-1234\jars\maven-resolver-impl-1.9.18.jar
2024-07-11 00:42:17,481 [Worker-83: Launching mavenrun-5b973a86-9136-4f41-b027-e14a962b38a3] INFO  o.eclipse.m2e.core.internal.Bundles - 	Entry: C:\Users\dell\.p2\pool\plugins\org.eclipse.m2e.maven.runtime_3.9.600.20231203-1234\jars\maven-resolver-named-locks-1.9.18.jar
2024-07-11 00:42:17,483 [Worker-83: Launching mavenrun-5b973a86-9136-4f41-b027-e14a962b38a3] INFO  o.eclipse.m2e.core.internal.Bundles - 	Entry: C:\Users\dell\.p2\pool\plugins\org.eclipse.m2e.maven.runtime_3.9.600.20231203-1234\jars\maven-resolver-provider-3.9.6.jar
2024-07-11 00:42:17,484 [Worker-83: Launching mavenrun-5b973a86-9136-4f41-b027-e14a962b38a3] INFO  o.eclipse.m2e.core.internal.Bundles - 	Entry: C:\Users\dell\.p2\pool\plugins\org.eclipse.m2e.maven.runtime_3.9.600.20231203-1234\jars\maven-resolver-spi-1.9.18.jar
2024-07-11 00:42:17,484 [Worker-83: Launching mavenrun-5b973a86-9136-4f41-b027-e14a962b38a3] INFO  o.eclipse.m2e.core.internal.Bundles - 	Entry: C:\Users\dell\.p2\pool\plugins\org.eclipse.m2e.maven.runtime_3.9.600.20231203-1234\jars\maven-resolver-transport-file-1.9.18.jar
2024-07-11 00:42:17,486 [Worker-83: Launching mavenrun-5b973a86-9136-4f41-b027-e14a962b38a3] INFO  o.eclipse.m2e.core.internal.Bundles - 	Entry: C:\Users\dell\.p2\pool\plugins\org.eclipse.m2e.maven.runtime_3.9.600.20231203-1234\jars\maven-resolver-transport-http-1.9.18.jar
2024-07-11 00:42:17,487 [Worker-83: Launching mavenrun-5b973a86-9136-4f41-b027-e14a962b38a3] INFO  o.eclipse.m2e.core.internal.Bundles - 	Entry: C:\Users\dell\.p2\pool\plugins\org.eclipse.m2e.maven.runtime_3.9.600.20231203-1234\jars\maven-resolver-transport-wagon-1.9.18.jar
2024-07-11 00:42:17,488 [Worker-83: Launching mavenrun-5b973a86-9136-4f41-b027-e14a962b38a3] INFO  o.eclipse.m2e.core.internal.Bundles - 	Entry: C:\Users\dell\.p2\pool\plugins\org.eclipse.m2e.maven.runtime_3.9.600.20231203-1234\jars\maven-resolver-util-1.9.18.jar
2024-07-11 00:42:17,489 [Worker-83: Launching mavenrun-5b973a86-9136-4f41-b027-e14a962b38a3] INFO  o.eclipse.m2e.core.internal.Bundles - 	Entry: C:\Users\dell\.p2\pool\plugins\org.eclipse.m2e.maven.runtime_3.9.600.20231203-1234\jars\maven-settings-3.9.6.jar
2024-07-11 00:42:17,490 [Worker-83: Launching mavenrun-5b973a86-9136-4f41-b027-e14a962b38a3] INFO  o.eclipse.m2e.core.internal.Bundles - 	Entry: C:\Users\dell\.p2\pool\plugins\org.eclipse.m2e.maven.runtime_3.9.600.20231203-1234\jars\maven-settings-builder-3.9.6.jar
2024-07-11 00:42:17,491 [Worker-83: Launching mavenrun-5b973a86-9136-4f41-b027-e14a962b38a3] INFO  o.eclipse.m2e.core.internal.Bundles - 	Entry: C:\Users\dell\.p2\pool\plugins\org.eclipse.m2e.maven.runtime_3.9.600.20231203-1234\jars\maven-shared-utils-3.3.4.jar
2024-07-11 00:42:17,492 [Worker-83: Launching mavenrun-5b973a86-9136-4f41-b027-e14a962b38a3] INFO  o.eclipse.m2e.core.internal.Bundles - 	Entry: C:\Users\dell\.p2\pool\plugins\org.eclipse.m2e.maven.runtime_3.9.600.20231203-1234\jars\org.eclipse.sisu.inject-0.9.0.M2.jar
2024-07-11 00:42:17,493 [Worker-83: Launching mavenrun-5b973a86-9136-4f41-b027-e14a962b38a3] INFO  o.eclipse.m2e.core.internal.Bundles - 	Entry: C:\Users\dell\.p2\pool\plugins\org.eclipse.m2e.maven.runtime_3.9.600.20231203-1234\jars\org.eclipse.sisu.plexus-0.9.0.M2.jar
2024-07-11 00:42:17,494 [Worker-83: Launching mavenrun-5b973a86-9136-4f41-b027-e14a962b38a3] INFO  o.eclipse.m2e.core.internal.Bundles - 	Entry: C:\Users\dell\.p2\pool\plugins\org.eclipse.m2e.maven.runtime_3.9.600.20231203-1234\jars\plexus-build-api-0.0.7.jar
2024-07-11 00:42:17,496 [Worker-83: Launching mavenrun-5b973a86-9136-4f41-b027-e14a962b38a3] INFO  o.eclipse.m2e.core.internal.Bundles - 	Entry: C:\Users\dell\.p2\pool\plugins\org.eclipse.m2e.maven.runtime_3.9.600.20231203-1234\jars\plexus-cipher-2.0.jar
2024-07-11 00:42:17,497 [Worker-83: Launching mavenrun-5b973a86-9136-4f41-b027-e14a962b38a3] INFO  o.eclipse.m2e.core.internal.Bundles - 	Entry: C:\Users\dell\.p2\pool\plugins\org.eclipse.m2e.maven.runtime_3.9.600.20231203-1234\jars\plexus-classworlds-2.7.0.jar
2024-07-11 00:42:17,498 [Worker-83: Launching mavenrun-5b973a86-9136-4f41-b027-e14a962b38a3] INFO  o.eclipse.m2e.core.internal.Bundles - 	Entry: C:\Users\dell\.p2\pool\plugins\org.eclipse.m2e.maven.runtime_3.9.600.20231203-1234\jars\plexus-component-annotations-2.1.0.jar
2024-07-11 00:42:17,499 [Worker-83: Launching mavenrun-5b973a86-9136-4f41-b027-e14a962b38a3] INFO  o.eclipse.m2e.core.internal.Bundles - 	Entry: C:\Users\dell\.p2\pool\plugins\org.eclipse.m2e.maven.runtime_3.9.600.20231203-1234\jars\plexus-interpolation-1.26.jar
2024-07-11 00:42:17,500 [Worker-83: Launching mavenrun-5b973a86-9136-4f41-b027-e14a962b38a3] INFO  o.eclipse.m2e.core.internal.Bundles - 	Entry: C:\Users\dell\.p2\pool\plugins\org.eclipse.m2e.maven.runtime_3.9.600.20231203-1234\jars\plexus-sec-dispatcher-2.0.jar
2024-07-11 00:42:17,501 [Worker-83: Launching mavenrun-5b973a86-9136-4f41-b027-e14a962b38a3] INFO  o.eclipse.m2e.core.internal.Bundles - 	Entry: C:\Users\dell\.p2\pool\plugins\org.eclipse.m2e.maven.runtime_3.9.600.20231203-1234\jars\plexus-utils-3.5.1.jar
2024-07-11 00:42:17,502 [Worker-83: Launching mavenrun-5b973a86-9136-4f41-b027-e14a962b38a3] INFO  o.eclipse.m2e.core.internal.Bundles - 	Entry: C:\Users\dell\.p2\pool\plugins\org.eclipse.m2e.maven.runtime_3.9.600.20231203-1234\jars\wagon-file-3.5.3.jar
2024-07-11 00:42:17,502 [Worker-83: Launching mavenrun-5b973a86-9136-4f41-b027-e14a962b38a3] INFO  o.eclipse.m2e.core.internal.Bundles - 	Entry: C:\Users\dell\.p2\pool\plugins\org.eclipse.m2e.maven.runtime_3.9.600.20231203-1234\jars\wagon-http-3.5.3.jar
2024-07-11 00:42:17,503 [Worker-83: Launching mavenrun-5b973a86-9136-4f41-b027-e14a962b38a3] INFO  o.eclipse.m2e.core.internal.Bundles - 	Entry: C:\Users\dell\.p2\pool\plugins\org.eclipse.m2e.maven.runtime_3.9.600.20231203-1234\jars\wagon-http-shared-3.5.3.jar
2024-07-11 00:42:17,504 [Worker-83: Launching mavenrun-5b973a86-9136-4f41-b027-e14a962b38a3] INFO  o.eclipse.m2e.core.internal.Bundles - 	Entry: C:\Users\dell\.p2\pool\plugins\org.eclipse.m2e.maven.runtime_3.9.600.20231203-1234\jars\wagon-provider-api-3.5.3.jar
2024-07-11 00:42:17,507 [Worker-83: Launching mavenrun-5b973a86-9136-4f41-b027-e14a962b38a3] INFO  o.eclipse.m2e.core.internal.Bundles - getClasspathEntries(Bundle=com.google.guava_33.0.0.jre [10])
2024-07-11 00:42:17,510 [Worker-83: Launching mavenrun-5b973a86-9136-4f41-b027-e14a962b38a3] INFO  o.eclipse.m2e.core.internal.Bundles - 	Entry: C:\Users\dell\.p2\pool\plugins\com.google.guava_33.0.0.jre.jar
2024-07-11 00:42:17,511 [Worker-83: Launching mavenrun-5b973a86-9136-4f41-b027-e14a962b38a3] INFO  o.eclipse.m2e.core.internal.Bundles - getClasspathEntries(Bundle=slf4j.api_2.0.13 [520])
2024-07-11 00:42:17,512 [Worker-83: Launching mavenrun-5b973a86-9136-4f41-b027-e14a962b38a3] INFO  o.eclipse.m2e.core.internal.Bundles - 	Entry: C:\Users\dell\.p2\pool\plugins\slf4j.api_2.0.13.jar
2024-07-11 00:42:17,513 [Worker-83: Launching mavenrun-5b973a86-9136-4f41-b027-e14a962b38a3] INFO  o.eclipse.m2e.core.internal.Bundles - getClasspathEntries(Bundle=jakarta.inject.jakarta.inject-api_1.0.5 [22])
2024-07-11 00:42:17,514 [Worker-83: Launching mavenrun-5b973a86-9136-4f41-b027-e14a962b38a3] INFO  o.eclipse.m2e.core.internal.Bundles - 	Entry: C:\Users\dell\.p2\pool\plugins\jakarta.inject.jakarta.inject-api_1.0.5.jar
2024-07-11 00:42:17,515 [Worker-83: Launching mavenrun-5b973a86-9136-4f41-b027-e14a962b38a3] INFO  o.eclipse.m2e.core.internal.Bundles - getClasspathEntries(Bundle=jakarta.annotation-api_1.3.5 [20])
2024-07-11 00:42:17,517 [Worker-83: Launching mavenrun-5b973a86-9136-4f41-b027-e14a962b38a3] INFO  o.eclipse.m2e.core.internal.Bundles - 	Entry: C:\Users\dell\.p2\pool\plugins\jakarta.annotation-api_1.3.5.jar
2024-07-11 00:42:17,517 [Worker-83: Launching mavenrun-5b973a86-9136-4f41-b027-e14a962b38a3] INFO  o.eclipse.m2e.core.internal.Bundles - getClasspathEntries(Bundle=org.apache.commons.cli_1.6.0 [46])
2024-07-11 00:42:17,520 [Worker-83: Launching mavenrun-5b973a86-9136-4f41-b027-e14a962b38a3] INFO  o.eclipse.m2e.core.internal.Bundles - 	Entry: C:\Users\dell\.p2\pool\plugins\org.apache.commons.cli_1.6.0.jar
2024-07-11 00:42:17,520 [Worker-83: Launching mavenrun-5b973a86-9136-4f41-b027-e14a962b38a3] INFO  o.eclipse.m2e.core.internal.Bundles - getClasspathEntries(Bundle=org.apache.commons.commons-codec_1.16.0 [47])
2024-07-11 00:42:17,522 [Worker-83: Launching mavenrun-5b973a86-9136-4f41-b027-e14a962b38a3] INFO  o.eclipse.m2e.core.internal.Bundles - 	Entry: C:\Users\dell\.p2\pool\plugins\org.apache.commons.commons-codec_1.16.0.jar
2024-07-11 00:42:17,522 [Worker-83: Launching mavenrun-5b973a86-9136-4f41-b027-e14a962b38a3] INFO  o.eclipse.m2e.core.internal.Bundles - getClasspathEntries(Bundle=org.apache.commons.lang3_3.14.0 [53])
2024-07-11 00:42:17,525 [Worker-83: Launching mavenrun-5b973a86-9136-4f41-b027-e14a962b38a3] INFO  o.eclipse.m2e.core.internal.Bundles - 	Entry: C:\Users\dell\.p2\pool\plugins\org.apache.commons.lang3_3.14.0.jar
2024-07-11 00:42:17,525 [Worker-83: Launching mavenrun-5b973a86-9136-4f41-b027-e14a962b38a3] INFO  o.eclipse.m2e.core.internal.Bundles - getClasspathEntries(Bundle=com.google.guava.failureaccess_1.0.2 [11])
2024-07-11 00:42:17,527 [Worker-83: Launching mavenrun-5b973a86-9136-4f41-b027-e14a962b38a3] INFO  o.eclipse.m2e.core.internal.Bundles - 	Entry: C:\Users\dell\.p2\pool\plugins\com.google.guava.failureaccess_1.0.2.jar
2024-07-11 00:42:17,533 [Worker-83: Launching mavenrun-5b973a86-9136-4f41-b027-e14a962b38a3] INFO  o.e.m.i.launch.MavenLaunchDelegate - Run build in "C:\Users\dell\AppData\Local\Temp\m2e-archetypeGenerator5696845871671975396":
2024-07-11 00:42:17,534 [Worker-83: Launching mavenrun-5b973a86-9136-4f41-b027-e14a962b38a3] INFO  o.e.m.i.launch.MavenLaunchDelegate -  mvn  -DarchetypeGroupId=org.apache.maven.archetypes -DarchetypeArtifactId=maven-archetype-quickstart -DarchetypeVersion=1.4 -DgroupId=com.cyberslex -DartifactId=MVC-Maven -Dversion=0.0.1-SNAPSHOT -Dpackage=com.cyberslex.MVC_Maven -DoutputDirectory=C:\Users\dell\Desktop\Practicas_JAVA_2024 -Dstyle.color=always -U archetype:generate
2024-07-11 00:45:06,942 [Worker-77: Creating maven-archetype-quickstart] INFO  o.e.m.c.i.p.ProjectConfigurationManager - Collecting project info '/pom.xml' C:\Users\dell\Desktop\Practicas_JAVA_2024\MVC-Maven\pom.xml
2024-07-11 00:45:16,770 [Worker-77: Creating maven-archetype-quickstart] INFO  o.e.m.c.i.l.LifecycleMappingFactory - Using org.eclipse.m2e.jdt.JarLifecycleMapping lifecycle mapping for MavenProject: com.cyberslex:MVC-Maven:0.0.1-SNAPSHOT @ C:\Users\dell\Desktop\Practicas_JAVA_2024\MVC-Maven\pom.xml.
2024-07-11 00:45:17,898 [Worker-77: Creating maven-archetype-quickstart] INFO  o.e.m.j.i.AbstractJavaProjectConfigurator - Adding source folder /MVC-Maven/src/main/java
2024-07-11 00:45:17,900 [Worker-77: Creating maven-archetype-quickstart] INFO  o.e.m.j.i.AbstractJavaProjectConfigurator - Adding resource folder /MVC-Maven/src/main/resources
2024-07-11 00:45:17,908 [Worker-77: Creating maven-archetype-quickstart] INFO  o.e.m.j.i.AbstractJavaProjectConfigurator - Adding source folder /MVC-Maven/src/test/java
2024-07-11 00:45:17,912 [Worker-77: Creating maven-archetype-quickstart] INFO  o.e.m.j.i.AbstractJavaProjectConfigurator - Adding resource folder /MVC-Maven/src/test/resources
2024-07-11 00:45:18,054 [Worker-77: Creating maven-archetype-quickstart] INFO  o.e.m.c.i.p.ProjectConfigurationManager - Imported and configured 1 project(s) in 10 sec
2024-07-11 00:45:19,153 [Worker-77: Building] INFO  o.e.m.c.i.embedder.EclipseLogger - Using 'UTF-8' encoding to copy filtered resources.
2024-07-11 00:45:19,154 [Worker-77: Building] INFO  o.e.m.c.i.embedder.EclipseLogger - skip non existing resourceDirectory C:\Users\dell\Desktop\Practicas_JAVA_2024\MVC-Maven\src\main\resources
2024-07-11 00:45:19,163 [Worker-77: Building] INFO  o.e.m.c.i.embedder.EclipseLogger - Using 'UTF-8' encoding to copy filtered resources.
2024-07-11 00:45:19,164 [Worker-77: Building] INFO  o.e.m.c.i.embedder.EclipseLogger - skip non existing resourceDirectory C:\Users\dell\Desktop\Practicas_JAVA_2024\MVC-Maven\src\test\resources
2024-07-11 00:51:13,192 [Worker-83: Building] INFO  o.e.m.c.i.l.LifecycleMappingFactory - Using org.eclipse.m2e.jdt.JarLifecycleMapping lifecycle mapping for MavenProject: com.cyberslex:MVC-Maven:0.0.1-SNAPSHOT @ C:\Users\dell\Desktop\Practicas_JAVA_2024\MVC-Maven\pom.xml.
2024-07-11 00:51:13,735 [Worker-83: Building] INFO  o.e.m.c.i.embedder.EclipseLogger - Using 'UTF-8' encoding to copy filtered resources.
2024-07-11 00:51:13,735 [Worker-83: Building] INFO  o.e.m.c.i.embedder.EclipseLogger - skip non existing resourceDirectory C:\Users\dell\Desktop\Practicas_JAVA_2024\MVC-Maven\src\main\resources
2024-07-11 00:51:13,747 [Worker-83: Building] INFO  o.e.m.c.i.embedder.EclipseLogger - Using 'UTF-8' encoding to copy filtered resources.
2024-07-11 00:51:13,749 [Worker-83: Building] INFO  o.e.m.c.i.embedder.EclipseLogger - skip non existing resourceDirectory C:\Users\dell\Desktop\Practicas_JAVA_2024\MVC-Maven\src\test\resources
2024-07-11 00:51:37,346 [Worker-88: Updating Maven Project] INFO  o.e.m.c.i.p.ProjectConfigurationManager - Update started
2024-07-11 00:51:38,912 [Worker-88: Updating Maven Project] INFO  o.e.m.c.i.l.LifecycleMappingFactory - Using org.eclipse.m2e.jdt.JarLifecycleMapping lifecycle mapping for MavenProject: com.cyberslex:MVC-Maven:0.0.1-SNAPSHOT @ C:\Users\dell\Desktop\Practicas_JAVA_2024\MVC-Maven\pom.xml.
2024-07-11 00:51:39,225 [Worker-88: Updating Maven Project] INFO  o.e.m.j.i.AbstractJavaProjectConfigurator - Adding source folder /MVC-Maven/src/main/java
2024-07-11 00:51:39,227 [Worker-88: Updating Maven Project] INFO  o.e.m.j.i.AbstractJavaProjectConfigurator - Adding resource folder /MVC-Maven/src/main/resources
2024-07-11 00:51:39,228 [Worker-88: Updating Maven Project] INFO  o.e.m.j.i.AbstractJavaProjectConfigurator - Adding source folder /MVC-Maven/src/test/java
2024-07-11 00:51:39,230 [Worker-88: Updating Maven Project] INFO  o.e.m.j.i.AbstractJavaProjectConfigurator - Adding resource folder /MVC-Maven/src/test/resources
2024-07-11 00:51:39,765 [Worker-88: Updating Maven Project] INFO  o.e.m.c.i.p.ProjectConfigurationManager - Update completed for 1 poms: local refresh takes 0.00 sec, refresh facades takes 1.00 sec, update config takes 0.00 sec 
2024-07-11 00:51:40,095 [Worker-90: Building] INFO  o.e.m.c.i.embedder.EclipseLogger - Using 'UTF-8' encoding to copy filtered resources.
2024-07-11 00:51:40,096 [Worker-90: Building] INFO  o.e.m.c.i.embedder.EclipseLogger - skip non existing resourceDirectory C:\Users\dell\Desktop\Practicas_JAVA_2024\MVC-Maven\src\main\resources
2024-07-11 00:51:40,103 [Worker-90: Building] INFO  o.e.m.c.i.embedder.EclipseLogger - Using 'UTF-8' encoding to copy filtered resources.
2024-07-11 00:51:40,103 [Worker-90: Building] INFO  o.e.m.c.i.embedder.EclipseLogger - skip non existing resourceDirectory C:\Users\dell\Desktop\Practicas_JAVA_2024\MVC-Maven\src\test\resources
2024-07-12 23:48:21,567 [Worker-0: Loading available Gradle versions] INFO  o.e.b.c.i.u.g.PublishedGradleVersions - Gradle version information cache is out-of-date. Trying to update.
2024-07-14 03:06:29,141 [Worker-68: Building] INFO  o.e.m.c.i.embedder.EclipseLogger - Using 'UTF-8' encoding to copy filtered resources.
2024-07-14 03:06:29,150 [Worker-68: Building] INFO  o.e.m.c.i.embedder.EclipseLogger - skip non existing resourceDirectory C:\Users\dell\Desktop\Practicas_JAVA_2024\MVC-Maven\src\main\resources
2024-07-14 03:06:29,158 [Worker-68: Building] INFO  o.e.m.c.i.embedder.EclipseLogger - Using 'UTF-8' encoding to copy filtered resources.
2024-07-14 03:06:29,159 [Worker-68: Building] INFO  o.e.m.c.i.embedder.EclipseLogger - skip non existing resourceDirectory C:\Users\dell\Desktop\Practicas_JAVA_2024\MVC-Maven\src\test\resources
